<?xml version="1.0" encoding="UTF-8"?>
<testsuite name="com.adilsdeals.AdilsdealsApplicationTests" tests="1" skipped="0" failures="0" errors="0" timestamp="2022-04-23T17:14:06" hostname="UT-laptop" time="0.127">
  <properties/>
  <testcase name="contextLoads()" classname="com.adilsdeals.AdilsdealsApplicationTests" time="0.127"/>
  <system-out><![CDATA[20:14:03.508 [Test worker] DEBUG org.springframework.test.context.BootstrapUtils - Instantiating CacheAwareContextLoaderDelegate from class [org.springframework.test.context.cache.DefaultCacheAwareContextLoaderDelegate]
20:14:03.515 [Test worker] DEBUG org.springframework.test.context.BootstrapUtils - Instantiating BootstrapContext using constructor [public org.springframework.test.context.support.DefaultBootstrapContext(java.lang.Class,org.springframework.test.context.CacheAwareContextLoaderDelegate)]
20:14:03.544 [Test worker] DEBUG org.springframework.test.context.BootstrapUtils - Instantiating TestContextBootstrapper for test class [com.adilsdeals.AdilsdealsApplicationTests] from class [org.springframework.boot.test.context.SpringBootTestContextBootstrapper]
20:14:03.552 [Test worker] INFO org.springframework.boot.test.context.SpringBootTestContextBootstrapper - Neither @ContextConfiguration nor @ContextHierarchy found for test class [com.adilsdeals.AdilsdealsApplicationTests], using SpringBootContextLoader
20:14:03.555 [Test worker] DEBUG org.springframework.test.context.support.AbstractContextLoader - Did not detect default resource location for test class [com.adilsdeals.AdilsdealsApplicationTests]: class path resource [com/adilsdeals/AdilsdealsApplicationTests-context.xml] does not exist
20:14:03.556 [Test worker] DEBUG org.springframework.test.context.support.AbstractContextLoader - Did not detect default resource location for test class [com.adilsdeals.AdilsdealsApplicationTests]: class path resource [com/adilsdeals/AdilsdealsApplicationTestsContext.groovy] does not exist
20:14:03.556 [Test worker] INFO org.springframework.test.context.support.AbstractContextLoader - Could not detect default resource locations for test class [com.adilsdeals.AdilsdealsApplicationTests]: no resource found for suffixes {-context.xml, Context.groovy}.
20:14:03.557 [Test worker] INFO org.springframework.test.context.support.AnnotationConfigContextLoaderUtils - Could not detect default configuration classes for test class [com.adilsdeals.AdilsdealsApplicationTests]: AdilsdealsApplicationTests does not declare any static, non-private, non-final, nested classes annotated with @Configuration.
20:14:03.591 [Test worker] DEBUG org.springframework.test.context.support.ActiveProfilesUtils - Could not find an 'annotation declaring class' for annotation type [org.springframework.test.context.ActiveProfiles] and class [com.adilsdeals.AdilsdealsApplicationTests]
20:14:03.634 [Test worker] DEBUG org.springframework.context.annotation.ClassPathScanningCandidateComponentProvider - Identified candidate component class: file [/home/bill/Documents/ESI/Spring/Enterprise-System-Integration-2022/build/classes/java/main/com/adilsdeals/AdilsdealsApplication.class]
20:14:03.635 [Test worker] INFO org.springframework.boot.test.context.SpringBootTestContextBootstrapper - Found @SpringBootConfiguration com.adilsdeals.AdilsdealsApplication for test class com.adilsdeals.AdilsdealsApplicationTests
20:14:03.696 [Test worker] DEBUG org.springframework.boot.test.context.SpringBootTestContextBootstrapper - @TestExecutionListeners is not present for class [com.adilsdeals.AdilsdealsApplicationTests]: using defaults.
20:14:03.696 [Test worker] INFO org.springframework.boot.test.context.SpringBootTestContextBootstrapper - Loaded default TestExecutionListener class names from location [META-INF/spring.factories]: [org.springframework.security.test.context.support.WithSecurityContextTestExecutionListener, org.springframework.security.test.context.support.ReactorContextTestExecutionListener, org.springframework.boot.test.autoconfigure.restdocs.RestDocsTestExecutionListener, org.springframework.boot.test.autoconfigure.web.client.MockRestServiceServerResetTestExecutionListener, org.springframework.boot.test.autoconfigure.web.servlet.MockMvcPrintOnlyOnFailureTestExecutionListener, org.springframework.boot.test.autoconfigure.web.servlet.WebDriverTestExecutionListener, org.springframework.boot.test.autoconfigure.webservices.client.MockWebServiceServerTestExecutionListener, org.springframework.boot.test.mock.mockito.MockitoTestExecutionListener, org.springframework.boot.test.mock.mockito.ResetMocksTestExecutionListener, org.springframework.test.context.web.ServletTestExecutionListener, org.springframework.test.context.support.DirtiesContextBeforeModesTestExecutionListener, org.springframework.test.context.event.ApplicationEventsTestExecutionListener, org.springframework.test.context.support.DependencyInjectionTestExecutionListener, org.springframework.test.context.support.DirtiesContextTestExecutionListener, org.springframework.test.context.transaction.TransactionalTestExecutionListener, org.springframework.test.context.jdbc.SqlScriptsTestExecutionListener, org.springframework.test.context.event.EventPublishingTestExecutionListener]
20:14:03.708 [Test worker] INFO org.springframework.boot.test.context.SpringBootTestContextBootstrapper - Using TestExecutionListeners: [org.springframework.test.context.web.ServletTestExecutionListener@40bffbca, org.springframework.test.context.support.DirtiesContextBeforeModesTestExecutionListener@2449cff7, org.springframework.test.context.event.ApplicationEventsTestExecutionListener@42a9a63e, org.springframework.boot.test.mock.mockito.MockitoTestExecutionListener@62da83ed, org.springframework.boot.test.autoconfigure.SpringBootDependencyInjectionTestExecutionListener@5d8445d7, org.springframework.test.context.support.DirtiesContextTestExecutionListener@37d80fe7, org.springframework.test.context.transaction.TransactionalTestExecutionListener@384fc774, org.springframework.test.context.jdbc.SqlScriptsTestExecutionListener@e3cee7b, org.springframework.security.test.context.support.WithSecurityContextTestExecutionListener@71e9a896, org.springframework.test.context.event.EventPublishingTestExecutionListener@6b9267b, org.springframework.security.test.context.support.ReactorContextTestExecutionListener@408b35bf, org.springframework.boot.test.autoconfigure.restdocs.RestDocsTestExecutionListener@29ad44e3, org.springframework.boot.test.autoconfigure.web.client.MockRestServiceServerResetTestExecutionListener@15bcf458, org.springframework.boot.test.autoconfigure.web.servlet.MockMvcPrintOnlyOnFailureTestExecutionListener@5af9926a, org.springframework.boot.test.autoconfigure.web.servlet.WebDriverTestExecutionListener@43c67247, org.springframework.boot.test.autoconfigure.webservices.client.MockWebServiceServerTestExecutionListener@fac80, org.springframework.boot.test.mock.mockito.ResetMocksTestExecutionListener@726386ed]
20:14:03.711 [Test worker] DEBUG org.springframework.test.context.support.AbstractDirtiesContextTestExecutionListener - Before test class: context [DefaultTestContext@66238be2 testClass = AdilsdealsApplicationTests, testInstance = [null], testMethod = [null], testException = [null], mergedContextConfiguration = [WebMergedContextConfiguration@1c25b8a7 testClass = AdilsdealsApplicationTests, locations = '{}', classes = '{class com.adilsdeals.AdilsdealsApplication}', contextInitializerClasses = '[]', activeProfiles = '{}', propertySourceLocations = '{}', propertySourceProperties = '{org.springframework.boot.test.context.SpringBootTestContextBootstrapper=true}', contextCustomizers = set[org.springframework.boot.test.autoconfigure.actuate.metrics.MetricsExportContextCustomizerFactory$DisableMetricExportContextCustomizer@b7838a9, org.springframework.boot.test.autoconfigure.properties.PropertyMappingContextCustomizer@0, org.springframework.boot.test.autoconfigure.web.servlet.WebDriverContextCustomizerFactory$Customizer@33aeca0b, org.springframework.boot.test.context.filter.ExcludeFilterContextCustomizer@1ae67cad, org.springframework.boot.test.json.DuplicateJsonObjectContextCustomizerFactory$DuplicateJsonObjectContextCustomizer@31e4bb20, org.springframework.boot.test.mock.mockito.MockitoContextCustomizer@0, org.springframework.boot.test.web.client.TestRestTemplateContextCustomizer@774698ab, org.springframework.boot.test.context.SpringBootTestArgs@1, org.springframework.boot.test.context.SpringBootTestWebEnvironment@69ee81fc], resourceBasePath = 'src/main/webapp', contextLoader = 'org.springframework.boot.test.context.SpringBootContextLoader', parent = [null]], attributes = map['org.springframework.test.context.web.ServletTestExecutionListener.activateListener' -> true]], class annotated with @DirtiesContext [false] with mode [null].

  .   ____          _            __ _ _
 /\\ / ___'_ __ _ _(_)_ __  __ _ \ \ \ \
( ( )\___ | '_ | '_| | '_ \/ _` | \ \ \ \
 \\/  ___)| |_)| | | | | || (_| |  ) ) ) )
  '  |____| .__|_| |_|_| |_\__, | / / / /
 =========|_|==============|___/=/_/_/_/
 :: Spring Boot ::                (v2.6.7)

2022-04-23 20:14:03.947  INFO 59264 --- [    Test worker] c.adilsdeals.AdilsdealsApplicationTests  : Starting AdilsdealsApplicationTests using Java 11.0.15 on UT-laptop with PID 59264 (started by bill in /home/bill/Documents/ESI/Spring/Enterprise-System-Integration-2022)
2022-04-23 20:14:03.948  INFO 59264 --- [    Test worker] c.adilsdeals.AdilsdealsApplicationTests  : No active profile set, falling back to 1 default profile: "default"
2022-04-23 20:14:04.369  INFO 59264 --- [    Test worker] .s.d.r.c.RepositoryConfigurationDelegate : Bootstrapping Spring Data JPA repositories in DEFAULT mode.
2022-04-23 20:14:04.378  INFO 59264 --- [    Test worker] .s.d.r.c.RepositoryConfigurationDelegate : Finished Spring Data repository scanning in 3 ms. Found 0 JPA repository interfaces.
2022-04-23 20:14:04.750  INFO 59264 --- [    Test worker] com.zaxxer.hikari.HikariDataSource       : HikariPool-1 - Starting...
2022-04-23 20:14:04.822  INFO 59264 --- [    Test worker] com.zaxxer.hikari.HikariDataSource       : HikariPool-1 - Start completed.
2022-04-23 20:14:04.879  INFO 59264 --- [    Test worker] o.hibernate.jpa.internal.util.LogHelper  : HHH000204: Processing PersistenceUnitInfo [name: default]
2022-04-23 20:14:04.919  INFO 59264 --- [    Test worker] org.hibernate.Version                    : HHH000412: Hibernate ORM core version 5.6.8.Final
2022-04-23 20:14:05.045  INFO 59264 --- [    Test worker] o.hibernate.annotations.common.Version   : HCANN000001: Hibernate Commons Annotations {5.1.2.Final}
2022-04-23 20:14:05.131  INFO 59264 --- [    Test worker] org.hibernate.dialect.Dialect            : HHH000400: Using dialect: org.hibernate.dialect.PostgreSQL10Dialect
2022-04-23 20:14:05.274  INFO 59264 --- [    Test worker] o.h.e.t.j.p.i.JtaPlatformInitiator       : HHH000490: Using JtaPlatform implementation: [org.hibernate.engine.transaction.jta.platform.internal.NoJtaPlatform]
2022-04-23 20:14:05.281  INFO 59264 --- [    Test worker] j.LocalContainerEntityManagerFactoryBean : Initialized JPA EntityManagerFactory for persistence unit 'default'
2022-04-23 20:14:05.437  WARN 59264 --- [    Test worker] JpaBaseConfiguration$JpaWebConfiguration : spring.jpa.open-in-view is enabled by default. Therefore, database queries may be performed during view rendering. Explicitly configure spring.jpa.open-in-view to disable this warning
2022-04-23 20:14:05.813  WARN 59264 --- [    Test worker] .s.s.UserDetailsServiceAutoConfiguration : 

Using generated security password: 967b37d5-9e94-49cf-9baa-3e421f85fb5e

This generated password is for development use only. Your security configuration must be updated before running your application in production.

2022-04-23 20:14:05.950  INFO 59264 --- [    Test worker] o.s.s.web.DefaultSecurityFilterChain     : Will secure any request with [org.springframework.security.web.context.request.async.WebAsyncManagerIntegrationFilter@1203d787, org.springframework.security.web.context.SecurityContextPersistenceFilter@25110bb9, org.springframework.security.web.header.HeaderWriterFilter@60ee7a51, org.springframework.security.web.csrf.CsrfFilter@3acc3ee, org.springframework.security.web.authentication.logout.LogoutFilter@625db0e0, org.springframework.security.web.authentication.UsernamePasswordAuthenticationFilter@36453773, org.springframework.security.web.authentication.ui.DefaultLoginPageGeneratingFilter@1c972ae6, org.springframework.security.web.authentication.ui.DefaultLogoutPageGeneratingFilter@1f72fbd1, org.springframework.security.web.authentication.www.BasicAuthenticationFilter@123c48d0, org.springframework.security.web.savedrequest.RequestCacheAwareFilter@7bef7505, org.springframework.security.web.servletapi.SecurityContextHolderAwareRequestFilter@568ef502, org.springframework.security.web.authentication.AnonymousAuthenticationFilter@6f785a27, org.springframework.security.web.session.SessionManagementFilter@1618c98a, org.springframework.security.web.access.ExceptionTranslationFilter@b3a8455, org.springframework.security.web.access.intercept.FilterSecurityInterceptor@726ef6aa]
2022-04-23 20:14:06.021  INFO 59264 --- [    Test worker] c.adilsdeals.AdilsdealsApplicationTests  : Started AdilsdealsApplicationTests in 2.271 seconds (JVM running for 3.131)
]]></system-out>
  <system-err><![CDATA[]]></system-err>
</testsuite>
